[Sat Jul 29 03:22:15.770485 2023] [ssl:warn] [pid 1360:tid 576] AH01909: www.example.com:443:0 server certificate does NOT include an ID which matches the server name
[Sat Jul 29 03:22:15.821645 2023] [ssl:warn] [pid 1360:tid 576] AH01909: www.example.com:443:0 server certificate does NOT include an ID which matches the server name
[Sat Jul 29 03:22:15.870516 2023] [mpm_winnt:notice] [pid 1360:tid 576] AH00455: Apache/2.4.46 (Win64) OpenSSL/1.1.1h PHP/8.0.1 configured -- resuming normal operations
[Sat Jul 29 03:22:15.870516 2023] [mpm_winnt:notice] [pid 1360:tid 576] AH00456: Apache Lounge VS16 Server built: Oct  2 2020 11:45:39
[Sat Jul 29 03:22:15.870516 2023] [core:notice] [pid 1360:tid 576] AH00094: Command line: 'c:\\xampp\\apache\\bin\\httpd.exe -d C:/xampp/apache'
[Sat Jul 29 03:22:15.877495 2023] [mpm_winnt:notice] [pid 1360:tid 576] AH00418: Parent: Created child process 4648
[Sat Jul 29 03:22:16.486871 2023] [ssl:warn] [pid 4648:tid 632] AH01909: www.example.com:443:0 server certificate does NOT include an ID which matches the server name
[Sat Jul 29 03:22:16.537409 2023] [ssl:warn] [pid 4648:tid 632] AH01909: www.example.com:443:0 server certificate does NOT include an ID which matches the server name
[Sat Jul 29 03:22:16.572314 2023] [mpm_winnt:notice] [pid 4648:tid 632] AH00354: Child: Starting 150 worker threads.
[Sat Jul 29 03:22:20.360686 2023] [php:error] [pid 4648:tid 1840] [client ::1:51921] PHP Fatal error:  Array and string offset access syntax with curly braces is no longer supported in C:\\xampp\\htdocs\\votbem\\application\\helpers\\my_helper.php on line 179
[Sat Jul 29 03:22:22.144821 2023] [php:error] [pid 4648:tid 1848] [client ::1:51920] PHP Fatal error:  Array and string offset access syntax with curly braces is no longer supported in C:\\xampp\\htdocs\\votbem\\application\\helpers\\my_helper.php on line 179
[Sat Jul 29 03:22:22.419626 2023] [php:error] [pid 4648:tid 1840] [client ::1:51922] PHP Fatal error:  Array and string offset access syntax with curly braces is no longer supported in C:\\xampp\\htdocs\\votbem\\application\\helpers\\my_helper.php on line 179
[Sat Jul 29 03:22:22.639439 2023] [php:error] [pid 4648:tid 1848] [client ::1:51923] PHP Fatal error:  Array and string offset access syntax with curly braces is no longer supported in C:\\xampp\\htdocs\\votbem\\application\\helpers\\my_helper.php on line 179
[Sat Jul 29 03:22:22.821952 2023] [php:error] [pid 4648:tid 1840] [client ::1:51924] PHP Fatal error:  Array and string offset access syntax with curly braces is no longer supported in C:\\xampp\\htdocs\\votbem\\application\\helpers\\my_helper.php on line 179
[Sat Jul 29 03:22:23.021946 2023] [php:error] [pid 4648:tid 1848] [client ::1:51925] PHP Fatal error:  Array and string offset access syntax with curly braces is no longer supported in C:\\xampp\\htdocs\\votbem\\application\\helpers\\my_helper.php on line 179
[Sat Jul 29 03:22:23.215484 2023] [php:error] [pid 4648:tid 1840] [client ::1:51926] PHP Fatal error:  Array and string offset access syntax with curly braces is no longer supported in C:\\xampp\\htdocs\\votbem\\application\\helpers\\my_helper.php on line 179
[Sat Jul 29 03:22:23.411958 2023] [php:error] [pid 4648:tid 1848] [client ::1:51927] PHP Fatal error:  Array and string offset access syntax with curly braces is no longer supported in C:\\xampp\\htdocs\\votbem\\application\\helpers\\my_helper.php on line 179
[Sat Jul 29 03:22:23.586492 2023] [php:error] [pid 4648:tid 1840] [client ::1:51928] PHP Fatal error:  Array and string offset access syntax with curly braces is no longer supported in C:\\xampp\\htdocs\\votbem\\application\\helpers\\my_helper.php on line 179
[Sat Jul 29 03:29:53.626256 2023] [php:error] [pid 4648:tid 1820] [client ::1:52052] PHP Fatal error:  Array and string offset access syntax with curly braces is no longer supported in C:\\xampp\\htdocs\\votbem\\application\\libraries\\elfinder\\elFinder.class.php on line 2614, referer: http://localhost/votbem/admin/filemanager
[Sat Jul 29 03:30:18.710048 2023] [php:error] [pid 4648:tid 1816] [client ::1:52059] PHP Fatal error:  Array and string offset access syntax with curly braces is no longer supported in C:\\xampp\\htdocs\\votbem\\application\\libraries\\elfinder\\elFinder.class.php on line 2614, referer: http://localhost/votbem/admin/filemanager
[Sat Jul 29 03:32:00.756573 2023] [php:error] [pid 4648:tid 1820] [client ::1:52123] PHP Fatal error:  Uncaught ValueError: mysqli_result::data_seek(): Argument #1 ($offset) must be greater than or equal to 0 in C:\\xampp\\phpMyAdmin\\libraries\\classes\\Dbi\\DbiMysqli.php:270\nStack trace:\n#0 C:\\xampp\\phpMyAdmin\\libraries\\classes\\Dbi\\DbiMysqli.php(270): mysqli_result->data_seek(-1)\n#1 C:\\xampp\\phpMyAdmin\\libraries\\classes\\DatabaseInterface.php(2726): PhpMyAdmin\\Dbi\\DbiMysqli->dataSeek(Object(mysqli_result), -1)\n#2 C:\\xampp\\phpMyAdmin\\libraries\\classes\\Display\\Results.php(4748): PhpMyAdmin\\DatabaseInterface->dataSeek(Object(mysqli_result), -1)\n#3 C:\\xampp\\phpMyAdmin\\libraries\\classes\\Display\\Results.php(4320): PhpMyAdmin\\Display\\Results->_getMultiRowOperationLinks(Object(mysqli_result), Array, 'dr')\n#4 C:\\xampp\\phpMyAdmin\\libraries\\classes\\Sql.php(1669): PhpMyAdmin\\Display\\Results->getTable(Object(mysqli_result), Array, Array, false)\n#5 C:\\xampp\\phpMyAdmin\\libraries\\classes\\Sql.php(2007): PhpMyAdmin\\Sql->getHtmlForSqlQueryResultsTable(Object(PhpMyAdmin\\Display\\Results), './themes/pmahom...', '?server=1&amp;t...', Array, true, 25, 0, NULL, Object(mysqli_result), Array)\n#6 C:\\xampp\\phpMyAdmin\\libraries\\classes\\Sql.php(2276): PhpMyAdmin\\Sql->getQueryResponseForResultsReturned(Object(mysqli_result), Array, 'bemvot', 'kelas', NULL, NULL, Object(PhpMyAdmin\\Display\\Results), './themes/pmahom...', 25, 0, NULL, NULL, NULL, NULL, NULL, 'SELECT * FROM `...', NULL)\n#7 C:\\xampp\\phpMyAdmin\\libraries\\classes\\Sql.php(2105): PhpMyAdmin\\Sql->executeQueryAndGetQueryResponse(Array, false, 'bemvot', 'kelas', NULL, NULL, NULL, NULL, NULL, NULL, '', './themes/pmahom...', NULL, NULL, NULL, 'SELECT * FROM `...', NULL, NULL)\n#8 C:\\xampp\\phpMyAdmin\\tbl_row_action.php(177): PhpMyAdmin\\Sql->executeQueryAndSendQueryResponse(Array, false, 'bemvot', 'kelas', NULL, NULL, NULL, NULL, NULL, NULL, '', './themes/pmahom...', NULL, NULL, NULL, 'SELECT * FROM `...', NULL, NULL)\n#9 {main}\n  thrown in C:\\xampp\\phpMyAdmin\\libraries\\classes\\Dbi\\DbiMysqli.php on line 270
[Sat Jul 29 20:21:46.914979 2023] [ssl:warn] [pid 11740:tid 588] AH01909: www.example.com:443:0 server certificate does NOT include an ID which matches the server name
[Sat Jul 29 20:21:47.019328 2023] [core:warn] [pid 11740:tid 588] AH00098: pid file C:/xampp/apache/logs/httpd.pid overwritten -- Unclean shutdown of previous Apache run?
[Sat Jul 29 20:21:47.023317 2023] [ssl:warn] [pid 11740:tid 588] AH01909: www.example.com:443:0 server certificate does NOT include an ID which matches the server name
[Sat Jul 29 20:21:47.114695 2023] [mpm_winnt:notice] [pid 11740:tid 588] AH00455: Apache/2.4.46 (Win64) OpenSSL/1.1.1h PHP/8.0.1 configured -- resuming normal operations
[Sat Jul 29 20:21:47.114695 2023] [mpm_winnt:notice] [pid 11740:tid 588] AH00456: Apache Lounge VS16 Server built: Oct  2 2020 11:45:39
[Sat Jul 29 20:21:47.114695 2023] [core:notice] [pid 11740:tid 588] AH00094: Command line: 'c:\\xampp\\apache\\bin\\httpd.exe -d C:/xampp/apache'
[Sat Jul 29 20:21:47.123671 2023] [mpm_winnt:notice] [pid 11740:tid 588] AH00418: Parent: Created child process 11284
[Sat Jul 29 20:21:47.746578 2023] [ssl:warn] [pid 11284:tid 596] AH01909: www.example.com:443:0 server certificate does NOT include an ID which matches the server name
[Sat Jul 29 20:21:47.796134 2023] [ssl:warn] [pid 11284:tid 596] AH01909: www.example.com:443:0 server certificate does NOT include an ID which matches the server name
[Sat Jul 29 20:21:47.828047 2023] [mpm_winnt:notice] [pid 11284:tid 596] AH00354: Child: Starting 150 worker threads.
